<?xml version="1.0" encoding="UTF-8"?>
<!-- Generated by org.testng.reporters.JUnitXMLReporter -->
<testsuite ignored="0" hostname="DESKTOP-LFB9P6R" failures="1" tests="1" name="Regression" time="19.545" errors="0" timestamp="2022-09-27T10:51:33 PDT">
  <testcase classname="com.firebase.test.tests.AutomationScripts" name="loginToTekarchTest" time="5.786">
    <failure type="java.lang.AssertionError" message="expected [Student Registration Form1] but found [Student Registration Form]">
      <![CDATA[java.lang.AssertionError: expected [Student Registration Form1] but found [Student Registration Form]
at com.firebase.test.tests.AutomationScripts.loginToTekarchTest(AutomationScripts.java:47)
at java.base/java.util.ArrayList.forEach(ArrayList.java:1511)
... Removed 33 stack frames]]>
    </failure>
  </testcase> <!-- loginToTekarchTest -->
</testsuite> <!-- Regression -->
