<?xml version="1.0" encoding="UTF-8"?>
<!-- Generated by org.testng.reporters.JUnitXMLReporter -->
<testsuite ignored="4" hostname="DESKTOP-LFB9P6R" failures="0" tests="1" name="Regression2" time="0.084" errors="0" timestamp="2022-09-26T10:20:56 PDT">
  <testcase classname="com.firebase.test.base.BaseTest" name="@BeforeTest setupBeforeTest" time="0.001">
    <failure type="java.lang.NullPointerException" message="Cannot invoke &amp;quot;com.firebase.test.utility.GenerateReports.getInstance()&amp;quot; because &amp;quot;com.firebase.test.base.BaseTest.report&amp;quot; is null">
      <![CDATA[java.lang.NullPointerException: Cannot invoke "com.firebase.test.utility.GenerateReports.getInstance()" because "com.firebase.test.base.BaseTest.report" is null
at com.firebase.test.base.BaseTest.setupBeforeTest(BaseTest.java:41)
... Removed 24 stack frames]]>
    </failure>
  </testcase> <!-- @BeforeTest setupBeforeTest -->
  <testcase classname="com.firebase.test.base.BaseTest" name="@BeforeMethod setUp" time="0.0">
    <skipped/>
  </testcase> <!-- @BeforeMethod setUp -->
  <testcase classname="com.firebase.test.base.BaseTest" name="@AfterMethod tearDown" time="0.0">
    <skipped/>
  </testcase> <!-- @AfterMethod tearDown -->
  <testcase classname="com.firebase.test.base.BaseTest" name="@AfterTest teardownAfterTest" time="0.0">
    <skipped/>
  </testcase> <!-- @AfterTest teardownAfterTest -->
  <testcase classname="com.firebase.test.tests.AutomationScripts" name="studentFormDataTest" time="0.0">
    <skipped/>
  </testcase> <!-- studentFormDataTest -->
  <testcase classname="com.firebase.test.tests.AutomationScripts" name="autocomplete" time="0.0">
    <ignored/>
  </testcase> <!-- autocomplete -->
  <testcase classname="com.firebase.test.tests.AutomationScripts" name="promptAlertTest" time="0.0">
    <ignored/>
  </testcase> <!-- promptAlertTest -->
  <testcase classname="com.firebase.test.tests.AutomationScripts" name="HandleTable" time="0.0">
    <ignored/>
  </testcase> <!-- HandleTable -->
  <testcase classname="com.firebase.test.tests.AutomationScripts" name="loginToTekarchTest" time="0.0">
    <ignored/>
  </testcase> <!-- loginToTekarchTest -->
</testsuite> <!-- Regression2 -->
