<?xml version="1.0" encoding="UTF-8"?>
<!-- Generated by org.testng.reporters.JUnitXMLReporter -->
<testsuite ignored="4" hostname="DESKTOP-LFB9P6R" failures="0" tests="1" name="smoke1" time="13.741" errors="0" timestamp="2022-09-23T09:45:10 PDT">
  <testcase classname="com.firebase.test.tests.AutomationScripts" name="loginToTekarch" time="13.579"/>
  <testcase classname="com.firebase.test.tests.AutomationScripts" name="promptAlertTest" time="0.0">
    <ignored/>
  </testcase> <!-- promptAlertTest -->
  <testcase classname="com.firebase.test.tests.AutomationScripts" name="HandleTable" time="0.0">
    <ignored/>
  </testcase> <!-- HandleTable -->
  <testcase classname="com.firebase.test.tests.AutomationScripts" name="studentFormDataTest" time="0.0">
    <ignored/>
  </testcase> <!-- studentFormDataTest -->
  <testcase classname="com.firebase.test.tests.AutomationScripts" name="autocomplete" time="0.0">
    <ignored/>
  </testcase> <!-- autocomplete -->
</testsuite> <!-- smoke1 -->
