<?xml version="1.0" encoding="UTF-8"?>
<testsuite name="TestSuite" time="19.835" tests="3" errors="0" skipped="0" failures="1">
  <properties>
[...]
</properties>
  <testcase name="Student_registration_Form" classname="com.jan23.tests.TekarchAutomation" time="9.095">
    <failure message="expected [false] but found [true]" type="java.lang.AssertionError">java.lang.AssertionError: expected [false] but found [true]
	at org.testng.Assert.fail(Assert.java:99)
	at org.testng.Assert.failNotEquals(Assert.java:1037)
	at org.testng.Assert.assertFalse(Assert.java:67)
	at org.testng.Assert.assertFalse(Assert.java:77)
	at com.jan23.tests.TekarchAutomation.Student_registration_Form(TekarchAutomation.java:130)
</failure>
    <system-out>creating textent utility object
 inside @BeforeTest method
2023-02-10 09:16:20,025 INFO  BaseTest.java:62 - started testscript nameStudent_registration_Form
Property we got from the file is::https://qa-tekarch.firebaseapp.com
inside chrome driver creation switch method
2023-02-10 09:16:25,769 INFO  BaseTest.java:114 - going to the url=https://qa-tekarch.firebaseapp.com
Property we got from the file is::admin123@gmail.com
Property we got from the file is::admin123
waiting for an web element username element for its visibility
2023-02-10 09:16:31,721 INFO  BaseTest.java:94 - pass:usernameEle  element cleared
2023-02-10 09:16:32,179 INFO  BaseTest.java:80 - text entered in usernameElefield
2023-02-10 09:16:32,408 INFO  BaseTest.java:94 - pass:passwordEle  element cleared
2023-02-10 09:16:32,649 INFO  BaseTest.java:80 - text entered in passwordElefield
Property we got from the file is::divya
Property we got from the file is::abc
Property we got from the file is::PATNA
2023-02-10 09:16:38,201 INFO  BaseTest.java:94 - pass:name field  element cleared
2023-02-10 09:16:38,386 INFO  BaseTest.java:80 - text entered in name fieldfield
city select element selected PATNA
</system-out>
    <system-err>SLF4J: Failed to load class "org.slf4j.impl.StaticLoggerBinder".
SLF4J: Defaulting to no-operation (NOP) logger implementation
SLF4J: See http://www.slf4j.org/codes.html#StaticLoggerBinder for further details.
Starting ChromeDriver 109.0.5414.74 (e7c5703604daa9cc128ccf5a5d3e993513758913-refs/branch-heads/5414@{#1172}) on port 4698
Only local connections are allowed.
Please see https://chromedriver.chromium.org/security-considerations for suggestions on keeping ChromeDriver safe.
ChromeDriver was started successfully.
Feb 10, 2023 9:16:25 AM org.openqa.selenium.remote.ProtocolHandshake createSession
INFO: Detected dialect: W3C
</system-err>
  </testcase>
  <testcase name="error_loginToFirebase" classname="com.jan23.tests.TekarchAutomation" time="7.859"/>
  <testcase name="loginToFirebase" classname="com.jan23.tests.TekarchAutomation" time="2.881"/>
</testsuite>