<?xml version="1.0" encoding="UTF-8"?>
<!-- Generated by org.testng.reporters.JUnitXMLReporter -->
<testsuite ignored="0" hostname="DESKTOP-LFB9P6R" failures="0" tests="3" name="chromeTests" time="49.667" errors="0" timestamp="2023-02-09T10:17:13 PST">
  <testcase classname="com.jan23.tests.TekarchAutomation" name="Student_registration_Form" time="8.28"/>
  <testcase classname="com.jan23.tests.TekarchAutomation" name="error_loginToFirebase" time="7.189"/>
  <testcase classname="com.jan23.tests.TekarchAutomation" name="loginToFirebase" time="3.679"/>
</testsuite> <!-- chromeTests -->
