<?xml version="1.0" encoding="UTF-8"?>
<!-- Generated by org.testng.reporters.JUnitXMLReporter -->
<testsuite ignored="0" hostname="DESKTOP-LFB9P6R" failures="0" tests="3" name="mytest" time="64.163" errors="0" timestamp="2023-02-06T10:36:01 PST">
  <testcase classname="com.jan23.tests.TekarchAutomation" name="Student_registration_Form" time="27.554"/>
  <testcase classname="com.jan23.tests.TekarchAutomation" name="error_loginToFirebase" time="21.27"/>
  <testcase classname="com.jan23.tests.TekarchAutomation" name="loginToFirebase" time="15.166"/>
</testsuite> <!-- mytest -->
